<?xml version="1.0" encoding="utf-8"?><testsuites name="pytest tests"><testsuite name="pytest" errors="0" failures="0" skipped="16" tests="70" time="46.452" timestamp="2025-06-09T17:45:24.067483+00:00" hostname="runner-k4yvsi-eu-project-35843774-concurrent-0"><testcase classname="tests.cli.test_add_module" name="test_add_module_from_local_dir" time="7.171" /><testcase classname="tests.cli.test_add_module" name="test_add_module_from_git_url" time="6.384" /><testcase classname="tests.cli.test_add_module" name="test_add_module_from_edea_url" time="6.421" /><testcase classname="tests.cli.test_add_rules" name="test_add_rules_from_local_path" time="0.010" /><testcase classname="tests.cli.test_add_rules" name="test_add_rules_from_git_url" time="0.784" /><testcase classname="tests.cli.test_add_rules" name="test_add_rules_from_edea_url" time="0.028" /><testcase classname="tests.property_tests.test_create" name="test_create_sch" time="0.001"><skipped type="pytest.skip" message="pydantic v2 not supported yet">/builds/edea-dev/edea/tests/property_tests/test_create.py:12: pydantic v2 not supported yet</skipped></testcase><testcase classname="tests.property_tests.test_create" name="test_create_pcb" time="0.000"><skipped type="pytest.skip" message="pydantic v2 not supported yet">/builds/edea-dev/edea/tests/property_tests/test_create.py:21: pydantic v2 not supported yet</skipped></testcase><testcase classname="tests.property_tests.test_serialize" name="test_serialize_any_common" time="0.000"><skipped type="pytest.skip" message="pydantic v2 not supported yet">/builds/edea-dev/edea/tests/property_tests/test_serialize.py:22: pydantic v2 not supported yet</skipped></testcase><testcase classname="tests.property_tests.test_serialize" name="test_serialize_any_sch_shapes" time="0.000"><skipped type="pytest.skip" message="pydantic v2 not supported yet">/builds/edea-dev/edea/tests/property_tests/test_serialize.py:37: pydantic v2 not supported yet</skipped></testcase><testcase classname="tests.property_tests.test_serialize" name="test_serialize_any_sch_symbol" time="0.001"><skipped type="pytest.skip" message="pydantic v2 not supported yet">/builds/edea-dev/edea/tests/property_tests/test_serialize.py:52: pydantic v2 not supported yet</skipped></testcase><testcase classname="tests.property_tests.test_serialize" name="test_serialize_any_schematic_expr" time="0.000"><skipped type="pytest.skip" message="pydantic v2 not supported yet">/builds/edea-dev/edea/tests/property_tests/test_serialize.py:67: pydantic v2 not supported yet</skipped></testcase><testcase classname="tests.property_tests.test_serialize" name="test_serialize_any_pcb_common" time="0.000"><skipped type="pytest.skip" message="pydantic v2 not supported yet">/builds/edea-dev/edea/tests/property_tests/test_serialize.py:82: pydantic v2 not supported yet</skipped></testcase><testcase classname="tests.property_tests.test_serialize" name="test_serialize_any_pcb_graphics" time="0.000"><skipped type="pytest.skip" message="pydantic v2 not supported yet">/builds/edea-dev/edea/tests/property_tests/test_serialize.py:97: pydantic v2 not supported yet</skipped></testcase><testcase classname="tests.property_tests.test_serialize" name="test_serialize_any_pcb_footprint" time="0.000"><skipped type="pytest.skip" message="pydantic v2 not supported yet">/builds/edea-dev/edea/tests/property_tests/test_serialize.py:112: pydantic v2 not supported yet</skipped></testcase><testcase classname="tests.property_tests.test_serialize" name="test_serialize_any_pcb_expr" time="0.000"><skipped type="pytest.skip" message="pydantic v2 not supported yet">/builds/edea-dev/edea/tests/property_tests/test_serialize.py:127: pydantic v2 not supported yet</skipped></testcase><testcase classname="tests.property_tests.test_serialize_files" name="test_serialize_any_sch_files" time="0.000"><skipped type="pytest.skip" message="Cannot yet create arbitrary schematic files that KiCad is guaranteed to be able to read.">/builds/edea-dev/edea/tests/property_tests/test_serialize_files.py:10: Cannot yet create arbitrary schematic files that KiCad is guaranteed to be able to read.</skipped></testcase><testcase classname="tests.test_insert_layout" name="test_insert_layout_basic" time="0.001" /><testcase classname="tests.test_insert_layout" name="test_insert_layout_from_file" time="2.646" /><testcase classname="tests.test_kicad_checker" name="test_drc" time="0.744" /><testcase classname="tests.test_kicad_checker" name="test_check_kicad_pcb_file" time="0.743" /><testcase classname="tests.test_kicad_checker" name="test_erc" time="0.246" /><testcase classname="tests.test_kicad_checker" name="test_check_kicad_sch_file" time="0.248" /><testcase classname="tests.test_kicad_checker" name="test_severity_levels" time="2.973" /><testcase classname="tests.test_kicad_checker" name="test_check_kicad_pro_file" time="0.996" /><testcase classname="tests.test_kicad_checker" name="test_check_kicad_project_dir" time="0.989" /><testcase classname="tests.test_kicad_checker" name="test_custom_rules" time="1.492" /><testcase classname="tests.test_kicad_checker" name="test_custom_rules_with_existing_rules" time="3.424" /><testcase classname="tests.test_kicad_checker" name="test_custom_rules_url" time="3.421" /><testcase classname="tests.test_kicad_checker" name="test_check_unspported_file" time="0.001" /><testcase classname="tests.test_kicad_checker" name="test_loading_result_from_json" time="1.001" /><testcase classname="tests.test_kicad_design_rules" name="test_loading_desing_rules" time="0.001" /><testcase classname="tests.test_kicad_design_rules" name="test_normalizing_design_rule" time="0.001" /><testcase classname="tests.test_kicad_design_rules" name="test_extend_rules" time="0.001" /><testcase classname="tests.test_kicad_design_rules" name="test_rules_serialization" time="0.001" /><testcase classname="tests.test_kicad_design_rules" name="test_rules_with_comments" time="0.001" /><testcase classname="tests.test_kicad_project" name="test_kicad_project_load_one_MP2451" time="0.001" /><testcase classname="tests.test_kicad_project" name="test_kicad_project_load_one_ferret" time="0.001" /><testcase classname="tests.test_kicad_project_load_all" name="test_load_all_kicad_pro[NOTSET]" time="0.000"><skipped type="pytest.skip" message="got empty parameter set for (pro_path)">/builds/edea-dev/edea/tests/test_kicad_project_load_all.py:26: got empty parameter set for (pro_path)</skipped></testcase><testcase classname="tests.test_metadata" name="test_project_metadata" time="2.077" /><testcase classname="tests.test_parse_all" name="test_parse_all_sch[NOTSET]" time="0.000"><skipped type="pytest.skip" message="got empty parameter set for (sch_path)">/builds/edea-dev/edea/tests/test_parse_all.py:32: got empty parameter set for (sch_path)</skipped></testcase><testcase classname="tests.test_parse_all" name="test_parse_all_pcb[NOTSET]" time="0.000"><skipped type="pytest.skip" message="got empty parameter set for (pcb_path)">/builds/edea-dev/edea/tests/test_parse_all.py:44: got empty parameter set for (pcb_path)</skipped></testcase><testcase classname="tests.test_parse_one" name="test_parse_one_schematic" time="0.213" /><testcase classname="tests.test_parse_one" name="test_parse_one_pcb" time="0.040" /><testcase classname="tests.test_pcb_size" name="test_exact_board_size" time="1.055" /><testcase classname="tests.test_pcb_size" name="test_raises_error_for_pcb_without_outline" time="0.040" /><testcase classname="tests.test_pcb_size" name="test_circle_in_edge_cuts_layer" time="0.003" /><testcase classname="tests.test_pcb_size" name="test_line_in_edge_cuts_layer" time="0.003" /><testcase classname="tests.test_pcb_size" name="test_rect_in_edge_cuts_layer" time="0.002" /><testcase classname="tests.test_pcb_size" name="test_polygon_in_edge_cuts_layer" time="0.003" /><testcase classname="tests.test_pcb_size" name="test_arc_in_edge_cuts_layer" time="0.005" /><testcase classname="tests.test_pcb_size" name="test_arc_2_in_edge_cuts_layer" time="0.005" /><testcase classname="tests.test_pcb_size" name="test_arc_3_in_edge_cuts_layer" time="0.005" /><testcase classname="tests.test_pcb_size" name="test_arc_4_in_edge_cuts_layer" time="0.005" /><testcase classname="tests.test_schematic_group" name="test_sch_group_create" time="0.001" /><testcase classname="tests.test_schematic_group" name="test_sch_group_add_sub_uuid" time="0.001" /><testcase classname="tests.test_schematic_group" name="test_sch_group_load_from_disk" time="0.002" /><testcase classname="tests.test_schematic_group" name="test_sch_group_add_sub" time="0.002" /><testcase classname="tests.test_schematic_group" name="test_sch_group_add_sub_same_name" time="0.001" /><testcase classname="tests.test_schematic_group" name="test_sch_group_add_sub_same_name2" time="0.001" /><testcase classname="tests.test_schematic_group" name="test_sch_group_add_sub_bad_paths1" time="0.001" /><testcase classname="tests.test_schematic_group" name="test_sch_group_add_sub_bad_paths2" time="0.001" /><testcase classname="tests.test_schematic_group" name="test_sch_group_add_sub_bad_paths3" time="0.001" /><testcase classname="tests.test_schematic_group" name="test_sch_group_add_sub_bad_paths4" time="0.002" /><testcase classname="tests.test_schematic_group" name="test_sch_group_add_sub_removes_instances" time="0.002" /><testcase classname="tests.test_schematic_group" name="test_sch_group_add_sub_removes_ref_numbers" time="0.002" /><testcase classname="tests.test_schematic_group" name="test_sch_group_write" time="0.006" /><testcase classname="tests.test_schematic_group" name="test_sch_group_write_folder" time="0.066" /><testcase classname="tests.test_serialize_all" name="test_serialize_all_sch_files[NOTSET]" time="0.001"><skipped type="pytest.skip" message="got empty parameter set for (sch_path)">/builds/edea-dev/edea/tests/test_serialize_all.py:35: got empty parameter set for (sch_path)</skipped></testcase><testcase classname="tests.test_serialize_all" name="test_serialize_all_pcb_files[NOTSET]" time="0.001"><skipped type="pytest.skip" message="got empty parameter set for (pcb_path)">/builds/edea-dev/edea/tests/test_serialize_all.py:83: got empty parameter set for (pcb_path)</skipped></testcase></testsuite></testsuites>